<!DOCTYPE html>

<html>
  <head>
  <title>TestNG reports</title>

    <link type="text/css" href="testng-reports.css" rel="stylesheet" />  
    <script type="text/javascript" src="jquery-1.7.1.min.js"></script>
    <script type="text/javascript" src="testng-reports.js"></script>
    <script type="text/javascript" src="https://www.google.com/jsapi"></script>
    <script type='text/javascript'>
      google.load('visualization', '1', {packages:['table']});
      google.setOnLoadCallback(drawTable);
      var suiteTableInitFunctions = new Array();
      var suiteTableData = new Array();
    </script>
    <!--
      <script type="text/javascript" src="jquery-ui/js/jquery-ui-1.8.16.custom.min.js"></script>
     -->
  </head>

  <body>
    <div class="top-banner-root">
      <span class="top-banner-title-font">Test results</span>
      <br/>
      <span class="top-banner-font-1">1 suite, 2 failed tests</span>
    </div> <!-- top-banner-root -->
    <div class="navigator-root">
      <div class="navigator-suite-header">
        <span>All suites</span>
        <a href="#" class="collapse-all-link" title="Collapse/expand all the suites">
          <img class="collapse-all-icon" src="collapseall.gif">
          </img> <!-- collapse-all-icon -->
        </a> <!-- collapse-all-link -->
      </div> <!-- navigator-suite-header -->
      <div class="suite">
        <div class="rounded-window">
          <div class="suite-header light-rounded-window-top">
            <a href="#" class="navigator-link" panel-name="suite-Default_suite">
              <span class="suite-name border-failed">Default suite</span>
            </a> <!-- navigator-link -->
          </div> <!-- suite-header light-rounded-window-top -->
          <div class="navigator-suite-content">
            <div class="suite-section-title">
              <span>Info</span>
            </div> <!-- suite-section-title -->
            <div class="suite-section-content">
              <ul>
                <li>
                  <a href="#" class="navigator-link " panel-name="test-xml-Default_suite">
                    <span>C:\Users\gaurimanglik\AppData\Local\Temp\testng-eclipse-20278447\testng-customsuite.xml</span>
                  </a> <!-- navigator-link  -->
                </li>
                <li>
                  <a href="#" class="navigator-link " panel-name="testlist-Default_suite">
                    <span class="test-stats">1 test</span>
                  </a> <!-- navigator-link  -->
                </li>
                <li>
                  <a href="#" class="navigator-link " panel-name="group-Default_suite">
                    <span>0 groups</span>
                  </a> <!-- navigator-link  -->
                </li>
                <li>
                  <a href="#" class="navigator-link " panel-name="times-Default_suite">
                    <span>Times</span>
                  </a> <!-- navigator-link  -->
                </li>
                <li>
                  <a href="#" class="navigator-link " panel-name="reporter-Default_suite">
                    <span>Reporter output</span>
                  </a> <!-- navigator-link  -->
                </li>
                <li>
                  <a href="#" class="navigator-link " panel-name="ignored-methods-Default_suite">
                    <span>Ignored methods</span>
                  </a> <!-- navigator-link  -->
                </li>
                <li>
                  <a href="#" class="navigator-link " panel-name="chronological-Default_suite">
                    <span>Chronological view</span>
                  </a> <!-- navigator-link  -->
                </li>
              </ul>
            </div> <!-- suite-section-content -->
            <div class="result-section">
              <div class="suite-section-title">
                <span>Results</span>
              </div> <!-- suite-section-title -->
              <div class="suite-section-content">
                <ul>
                  <li>
                    <span class="method-stats">10 methods, 2 failed,   8 passed</span>
                  </li>
                  <li>
                    <span class="method-list-title failed">Failed methods</span>
                    <span class="show-or-hide-methods failed">
                      <a href="#" panel-name="suite-Default_suite" class="hide-methods failed suite-Default_suite"> (hide)</a> <!-- hide-methods failed suite-Default_suite -->
                      <a href="#" panel-name="suite-Default_suite" class="show-methods failed suite-Default_suite"> (show)</a> <!-- show-methods failed suite-Default_suite -->
                    </span>
                    <div class="method-list-content failed suite-Default_suite">
                      <span>
                        <img width="3%" src="failed.png"/>
                        <a href="#" class="method navigator-link" panel-name="suite-Default_suite" title="com.qait.demo.tests.TestLevel2_added_test_cases" hash-for-method="TestStep10_Checkout">TestStep10_Checkout</a> <!-- method navigator-link -->
                      </span>
                      <br/>
                      <span>
                        <img width="3%" src="failed.png"/>
                        <a href="#" class="method navigator-link" panel-name="suite-Default_suite" title="com.qait.demo.tests.TestLevel2_added_test_cases" hash-for-method="TestStep9_AddProductToCart">TestStep9_AddProductToCart</a> <!-- method navigator-link -->
                      </span>
                      <br/>
                    </div> <!-- method-list-content failed suite-Default_suite -->
                  </li>
                  <li>
                    <span class="method-list-title passed">Passed methods</span>
                    <span class="show-or-hide-methods passed">
                      <a href="#" panel-name="suite-Default_suite" class="hide-methods passed suite-Default_suite"> (hide)</a> <!-- hide-methods passed suite-Default_suite -->
                      <a href="#" panel-name="suite-Default_suite" class="show-methods passed suite-Default_suite"> (show)</a> <!-- show-methods passed suite-Default_suite -->
                    </span>
                    <div class="method-list-content passed suite-Default_suite">
                      <span>
                        <img width="3%" src="passed.png"/>
                        <a href="#" class="method navigator-link" panel-name="suite-Default_suite" title="com.qait.demo.tests.TestLevel2_added_test_cases" hash-for-method="TestStep1_VerifyCartImage">TestStep1_VerifyCartImage</a> <!-- method navigator-link -->
                      </span>
                      <br/>
                      <span>
                        <img width="3%" src="passed.png"/>
                        <a href="#" class="method navigator-link" panel-name="suite-Default_suite" title="com.qait.demo.tests.TestLevel2_added_test_cases" hash-for-method="TestStep2_VerifySignIn">TestStep2_VerifySignIn</a> <!-- method navigator-link -->
                      </span>
                      <br/>
                      <span>
                        <img width="3%" src="passed.png"/>
                        <a href="#" class="method navigator-link" panel-name="suite-Default_suite" title="com.qait.demo.tests.TestLevel2_added_test_cases" hash-for-method="TestStep3_SearchProduct">TestStep3_SearchProduct</a> <!-- method navigator-link -->
                      </span>
                      <br/>
                      <span>
                        <img width="3%" src="passed.png"/>
                        <a href="#" class="method navigator-link" panel-name="suite-Default_suite" title="com.qait.demo.tests.TestLevel2_added_test_cases" hash-for-method="TestStep4_SelectTablets">TestStep4_SelectTablets</a> <!-- method navigator-link -->
                      </span>
                      <br/>
                      <span>
                        <img width="3%" src="passed.png"/>
                        <a href="#" class="method navigator-link" panel-name="suite-Default_suite" title="com.qait.demo.tests.TestLevel2_added_test_cases" hash-for-method="TestStep5_VerifySortTab">TestStep5_VerifySortTab</a> <!-- method navigator-link -->
                      </span>
                      <br/>
                      <span>
                        <img width="3%" src="passed.png"/>
                        <a href="#" class="method navigator-link" panel-name="suite-Default_suite" title="com.qait.demo.tests.TestLevel2_added_test_cases" hash-for-method="TestStep6_SelectBrand">TestStep6_SelectBrand</a> <!-- method navigator-link -->
                      </span>
                      <br/>
                      <span>
                        <img width="3%" src="passed.png"/>
                        <a href="#" class="method navigator-link" panel-name="suite-Default_suite" title="com.qait.demo.tests.TestLevel2_added_test_cases" hash-for-method="TestStep7_SelectFirstProduct">TestStep7_SelectFirstProduct</a> <!-- method navigator-link -->
                      </span>
                      <br/>
                      <span>
                        <img width="3%" src="passed.png"/>
                        <a href="#" class="method navigator-link" panel-name="suite-Default_suite" title="com.qait.demo.tests.TestLevel2_added_test_cases" hash-for-method="TestStep8_verifyProductPage">TestStep8_verifyProductPage</a> <!-- method navigator-link -->
                      </span>
                      <br/>
                    </div> <!-- method-list-content passed suite-Default_suite -->
                  </li>
                </ul>
              </div> <!-- suite-section-content -->
            </div> <!-- result-section -->
          </div> <!-- navigator-suite-content -->
        </div> <!-- rounded-window -->
      </div> <!-- suite -->
    </div> <!-- navigator-root -->
    <div class="wrapper">
      <div class="main-panel-root">
        <div panel-name="suite-Default_suite" class="panel Default_suite">
          <div class="suite-Default_suite-class-failed">
            <div class="main-panel-header rounded-window-top">
              <img src="failed.png"/>
              <span class="class-name">com.qait.demo.tests.TestLevel2_added_test_cases</span>
            </div> <!-- main-panel-header rounded-window-top -->
            <div class="main-panel-content rounded-window-bottom">
              <div class="method">
                <div class="method-content">
                  <a name="TestStep10_Checkout">
                  </a> <!-- TestStep10_Checkout -->
                  <span class="method-name">TestStep10_Checkout</span>
                  <div class="stack-trace">java.lang.AssertionError: FAILED: Element verify_procced_to_chkout not found on the HomePage !!!
	at org.testng.Assert.fail(Assert.java:94)
	at com.qait.automation.getpageobjects.GetPage.element(GetPage.java:84)
	at com.qait.automation.getpageobjects.GetPage.element(GetPage.java:62)
	at com.qait.demo.keywords.ProductDetailsActions.clickProceedToChkout(ProductDetailsActions.java:62)
	at com.qait.demo.tests.TestLevel2_added_test_cases.TestStep10_Checkout(TestLevel2_added_test_cases.java:111)
	at sun.reflect.NativeMethodAccessorImpl.invoke0(Native Method)
	at sun.reflect.NativeMethodAccessorImpl.invoke(Unknown Source)
	at sun.reflect.DelegatingMethodAccessorImpl.invoke(Unknown Source)
	at java.lang.reflect.Method.invoke(Unknown Source)
	at org.testng.internal.MethodInvocationHelper.invokeMethod(MethodInvocationHelper.java:84)
	at org.testng.internal.Invoker.invokeMethod(Invoker.java:714)
	at org.testng.internal.Invoker.invokeTestMethod(Invoker.java:901)
	at org.testng.internal.Invoker.invokeTestMethods(Invoker.java:1231)
	at org.testng.internal.TestMethodWorker.invokeTestMethods(TestMethodWorker.java:127)
	at org.testng.internal.TestMethodWorker.run(TestMethodWorker.java:111)
	at org.testng.TestRunner.privateRun(TestRunner.java:767)
	at org.testng.TestRunner.run(TestRunner.java:617)
	at org.testng.SuiteRunner.runTest(SuiteRunner.java:334)
	at org.testng.SuiteRunner.runSequentially(SuiteRunner.java:329)
	at org.testng.SuiteRunner.privateRun(SuiteRunner.java:291)
	at org.testng.SuiteRunner.run(SuiteRunner.java:240)
	at org.testng.SuiteRunnerWorker.runSuite(SuiteRunnerWorker.java:52)
	at org.testng.SuiteRunnerWorker.run(SuiteRunnerWorker.java:86)
	at org.testng.TestNG.runSuitesSequentially(TestNG.java:1224)
	at org.testng.TestNG.runSuitesLocally(TestNG.java:1149)
	at org.testng.TestNG.run(TestNG.java:1057)
	at org.testng.remote.AbstractRemoteTestNG.run(AbstractRemoteTestNG.java:126)
	at org.testng.remote.RemoteTestNG.initAndRun(RemoteTestNG.java:137)
	at org.testng.remote.RemoteTestNG.main(RemoteTestNG.java:58)

</div> <!-- stack-trace -->
                </div> <!-- method-content -->
              </div> <!-- method -->
              <div class="method">
                <div class="method-content">
                  <a name="TestStep9_AddProductToCart">
                  </a> <!-- TestStep9_AddProductToCart -->
                  <span class="method-name">TestStep9_AddProductToCart</span>
                  <div class="stack-trace">java.lang.AssertionError: FAILED: Element verify_view_cart not found on the HomePage !!!
	at org.testng.Assert.fail(Assert.java:94)
	at com.qait.automation.getpageobjects.GetPage.element(GetPage.java:84)
	at com.qait.automation.getpageobjects.GetPage.element(GetPage.java:62)
	at com.qait.demo.keywords.ProductDetailsActions.verifyViewCartBtn(ProductDetailsActions.java:43)
	at com.qait.demo.tests.TestLevel2_added_test_cases.TestStep9_AddProductToCart(TestLevel2_added_test_cases.java:106)
	at sun.reflect.NativeMethodAccessorImpl.invoke0(Native Method)
	at sun.reflect.NativeMethodAccessorImpl.invoke(Unknown Source)
	at sun.reflect.DelegatingMethodAccessorImpl.invoke(Unknown Source)
	at java.lang.reflect.Method.invoke(Unknown Source)
	at org.testng.internal.MethodInvocationHelper.invokeMethod(MethodInvocationHelper.java:84)
	at org.testng.internal.Invoker.invokeMethod(Invoker.java:714)
	at org.testng.internal.Invoker.invokeTestMethod(Invoker.java:901)
	at org.testng.internal.Invoker.invokeTestMethods(Invoker.java:1231)
	at org.testng.internal.TestMethodWorker.invokeTestMethods(TestMethodWorker.java:127)
	at org.testng.internal.TestMethodWorker.run(TestMethodWorker.java:111)
	at org.testng.TestRunner.privateRun(TestRunner.java:767)
	at org.testng.TestRunner.run(TestRunner.java:617)
	at org.testng.SuiteRunner.runTest(SuiteRunner.java:334)
	at org.testng.SuiteRunner.runSequentially(SuiteRunner.java:329)
	at org.testng.SuiteRunner.privateRun(SuiteRunner.java:291)
	at org.testng.SuiteRunner.run(SuiteRunner.java:240)
	at org.testng.SuiteRunnerWorker.runSuite(SuiteRunnerWorker.java:52)
	at org.testng.SuiteRunnerWorker.run(SuiteRunnerWorker.java:86)
	at org.testng.TestNG.runSuitesSequentially(TestNG.java:1224)
	at org.testng.TestNG.runSuitesLocally(TestNG.java:1149)
	at org.testng.TestNG.run(TestNG.java:1057)
	at org.testng.remote.AbstractRemoteTestNG.run(AbstractRemoteTestNG.java:126)
	at org.testng.remote.RemoteTestNG.initAndRun(RemoteTestNG.java:137)
	at org.testng.remote.RemoteTestNG.main(RemoteTestNG.java:58)

</div> <!-- stack-trace -->
                </div> <!-- method-content -->
              </div> <!-- method -->
            </div> <!-- main-panel-content rounded-window-bottom -->
          </div> <!-- suite-Default_suite-class-failed -->
          <div class="suite-Default_suite-class-passed">
            <div class="main-panel-header rounded-window-top">
              <img src="passed.png"/>
              <span class="class-name">com.qait.demo.tests.TestLevel2_added_test_cases</span>
            </div> <!-- main-panel-header rounded-window-top -->
            <div class="main-panel-content rounded-window-bottom">
              <div class="method">
                <div class="method-content">
                  <a name="TestStep1_VerifyCartImage">
                  </a> <!-- TestStep1_VerifyCartImage -->
                  <span class="method-name">TestStep1_VerifyCartImage</span>
                </div> <!-- method-content -->
              </div> <!-- method -->
              <div class="method">
                <div class="method-content">
                  <a name="TestStep2_VerifySignIn">
                  </a> <!-- TestStep2_VerifySignIn -->
                  <span class="method-name">TestStep2_VerifySignIn</span>
                </div> <!-- method-content -->
              </div> <!-- method -->
              <div class="method">
                <div class="method-content">
                  <a name="TestStep3_SearchProduct">
                  </a> <!-- TestStep3_SearchProduct -->
                  <span class="method-name">TestStep3_SearchProduct</span>
                </div> <!-- method-content -->
              </div> <!-- method -->
              <div class="method">
                <div class="method-content">
                  <a name="TestStep4_SelectTablets">
                  </a> <!-- TestStep4_SelectTablets -->
                  <span class="method-name">TestStep4_SelectTablets</span>
                </div> <!-- method-content -->
              </div> <!-- method -->
              <div class="method">
                <div class="method-content">
                  <a name="TestStep5_VerifySortTab">
                  </a> <!-- TestStep5_VerifySortTab -->
                  <span class="method-name">TestStep5_VerifySortTab</span>
                </div> <!-- method-content -->
              </div> <!-- method -->
              <div class="method">
                <div class="method-content">
                  <a name="TestStep6_SelectBrand">
                  </a> <!-- TestStep6_SelectBrand -->
                  <span class="method-name">TestStep6_SelectBrand</span>
                </div> <!-- method-content -->
              </div> <!-- method -->
              <div class="method">
                <div class="method-content">
                  <a name="TestStep7_SelectFirstProduct">
                  </a> <!-- TestStep7_SelectFirstProduct -->
                  <span class="method-name">TestStep7_SelectFirstProduct</span>
                </div> <!-- method-content -->
              </div> <!-- method -->
              <div class="method">
                <div class="method-content">
                  <a name="TestStep8_verifyProductPage">
                  </a> <!-- TestStep8_verifyProductPage -->
                  <span class="method-name">TestStep8_verifyProductPage</span>
                </div> <!-- method-content -->
              </div> <!-- method -->
            </div> <!-- main-panel-content rounded-window-bottom -->
          </div> <!-- suite-Default_suite-class-passed -->
        </div> <!-- panel Default_suite -->
        <div panel-name="test-xml-Default_suite" class="panel">
          <div class="main-panel-header rounded-window-top">
            <span class="header-content">C:\Users\gaurimanglik\AppData\Local\Temp\testng-eclipse-20278447\testng-customsuite.xml</span>
          </div> <!-- main-panel-header rounded-window-top -->
          <div class="main-panel-content rounded-window-bottom">
            <pre>
&lt;?xml version=&quot;1.0&quot; encoding=&quot;UTF-8&quot;?&gt;
&lt;!DOCTYPE suite SYSTEM &quot;http://testng.org/testng-1.0.dtd&quot;&gt;
&lt;suite name=&quot;Default suite&quot;&gt;
  &lt;test verbose=&quot;2&quot; name=&quot;Default test&quot;&gt;
    &lt;classes&gt;
      &lt;class name=&quot;com.qait.demo.tests.TestLevel2_added_test_cases&quot;/&gt;
    &lt;/classes&gt;
  &lt;/test&gt; &lt;!-- Default test --&gt;
&lt;/suite&gt; &lt;!-- Default suite --&gt;
            </pre>
          </div> <!-- main-panel-content rounded-window-bottom -->
        </div> <!-- panel -->
        <div panel-name="testlist-Default_suite" class="panel">
          <div class="main-panel-header rounded-window-top">
            <span class="header-content">Tests for Default suite</span>
          </div> <!-- main-panel-header rounded-window-top -->
          <div class="main-panel-content rounded-window-bottom">
            <ul>
              <li>
                <span class="test-name">Default test (1 class)</span>
              </li>
            </ul>
          </div> <!-- main-panel-content rounded-window-bottom -->
        </div> <!-- panel -->
        <div panel-name="group-Default_suite" class="panel">
          <div class="main-panel-header rounded-window-top">
            <span class="header-content">Groups for Default suite</span>
          </div> <!-- main-panel-header rounded-window-top -->
          <div class="main-panel-content rounded-window-bottom">
          </div> <!-- main-panel-content rounded-window-bottom -->
        </div> <!-- panel -->
        <div panel-name="times-Default_suite" class="panel">
          <div class="main-panel-header rounded-window-top">
            <span class="header-content">Times for Default suite</span>
          </div> <!-- main-panel-header rounded-window-top -->
          <div class="main-panel-content rounded-window-bottom">
            <div class="times-div">
              <script type="text/javascript">
suiteTableInitFunctions.push('tableData_Default_suite');
function tableData_Default_suite() {
var data = new google.visualization.DataTable();
data.addColumn('number', 'Number');
data.addColumn('string', 'Method');
data.addColumn('string', 'Class');
data.addColumn('number', 'Time (ms)');
data.addRows(10);
data.setCell(0, 0, 0)
data.setCell(0, 1, 'TestStep9_AddProductToCart')
data.setCell(0, 2, 'com.qait.demo.tests.TestLevel2_added_test_cases')
data.setCell(0, 3, 63031);
data.setCell(1, 0, 1)
data.setCell(1, 1, 'TestStep10_Checkout')
data.setCell(1, 2, 'com.qait.demo.tests.TestLevel2_added_test_cases')
data.setCell(1, 3, 60083);
data.setCell(2, 0, 2)
data.setCell(2, 1, 'TestStep8_verifyProductPage')
data.setCell(2, 2, 'com.qait.demo.tests.TestLevel2_added_test_cases')
data.setCell(2, 3, 5295);
data.setCell(3, 0, 3)
data.setCell(3, 1, 'TestStep4_SelectTablets')
data.setCell(3, 2, 'com.qait.demo.tests.TestLevel2_added_test_cases')
data.setCell(3, 3, 2247);
data.setCell(4, 0, 4)
data.setCell(4, 1, 'TestStep3_SearchProduct')
data.setCell(4, 2, 'com.qait.demo.tests.TestLevel2_added_test_cases')
data.setCell(4, 3, 2200);
data.setCell(5, 0, 5)
data.setCell(5, 1, 'TestStep6_SelectBrand')
data.setCell(5, 2, 'com.qait.demo.tests.TestLevel2_added_test_cases')
data.setCell(5, 3, 1716);
data.setCell(6, 0, 6)
data.setCell(6, 1, 'TestStep5_VerifySortTab')
data.setCell(6, 2, 'com.qait.demo.tests.TestLevel2_added_test_cases')
data.setCell(6, 3, 364);
data.setCell(7, 0, 7)
data.setCell(7, 1, 'TestStep7_SelectFirstProduct')
data.setCell(7, 2, 'com.qait.demo.tests.TestLevel2_added_test_cases')
data.setCell(7, 3, 265);
data.setCell(8, 0, 8)
data.setCell(8, 1, 'TestStep1_VerifyCartImage')
data.setCell(8, 2, 'com.qait.demo.tests.TestLevel2_added_test_cases')
data.setCell(8, 3, 82);
data.setCell(9, 0, 9)
data.setCell(9, 1, 'TestStep2_VerifySignIn')
data.setCell(9, 2, 'com.qait.demo.tests.TestLevel2_added_test_cases')
data.setCell(9, 3, 60);
window.suiteTableData['Default_suite']= { tableData: data, tableDiv: 'times-div-Default_suite'}
return data;
}
              </script>
              <span class="suite-total-time">Total running time: 2 minutes</span>
              <div id="times-div-Default_suite">
              </div> <!-- times-div-Default_suite -->
            </div> <!-- times-div -->
          </div> <!-- main-panel-content rounded-window-bottom -->
        </div> <!-- panel -->
        <div panel-name="reporter-Default_suite" class="panel">
          <div class="main-panel-header rounded-window-top">
            <span class="header-content">Reporter output for Default suite</span>
          </div> <!-- main-panel-header rounded-window-top -->
          <div class="main-panel-content rounded-window-bottom">
          </div> <!-- main-panel-content rounded-window-bottom -->
        </div> <!-- panel -->
        <div panel-name="ignored-methods-Default_suite" class="panel">
          <div class="main-panel-header rounded-window-top">
            <span class="header-content">0 ignored methods</span>
          </div> <!-- main-panel-header rounded-window-top -->
          <div class="main-panel-content rounded-window-bottom">
          </div> <!-- main-panel-content rounded-window-bottom -->
        </div> <!-- panel -->
        <div panel-name="chronological-Default_suite" class="panel">
          <div class="main-panel-header rounded-window-top">
            <span class="header-content">Methods in chronological order</span>
          </div> <!-- main-panel-header rounded-window-top -->
          <div class="main-panel-content rounded-window-bottom">
            <div class="chronological-class">
              <div class="chronological-class-name">com.qait.demo.tests.TestLevel2_added_test_cases</div> <!-- chronological-class-name -->
              <div class="configuration-class before">
                <span class="method-name">Start_Test_Session</span>
                <span class="method-start">0 ms</span>
              </div> <!-- configuration-class before -->
              <div class="configuration-method before">
                <span class="method-name">handleTestMethodName(public void com.qait.demo.tests.TestLevel2_added_test_cases.TestStep10_Checkout())</span>
                <span class="method-start">8017 ms</span>
              </div> <!-- configuration-method before -->
              <div class="test-method">
                <img src="failed.png">
                </img>
                <span class="method-name">TestStep10_Checkout</span>
                <span class="method-start">8018 ms</span>
              </div> <!-- test-method -->
              <div class="configuration-method after">
                <span class="method-name">take_screenshot_on_failure([TestResult name=TestStep10_Checkout status=FAILURE method=TestLevel2_added_test_cases.TestStep10_Ch...)</span>
                <span class="method-start">68106 ms</span>
              </div> <!-- configuration-method after -->
              <div class="configuration-method before">
                <span class="method-name">handleTestMethodName(public void com.qait.demo.tests.TestLevel2_added_test_cases.TestStep1_VerifyCartImage())</span>
                <span class="method-start">68546 ms</span>
              </div> <!-- configuration-method before -->
              <div class="test-method">
                <span class="method-name">TestStep1_VerifyCartImage</span>
                <span class="method-start">68547 ms</span>
              </div> <!-- test-method -->
              <div class="configuration-method after">
                <span class="method-name">take_screenshot_on_failure([TestResult name=TestStep1_VerifyCartImage status=SUCCESS method=TestLevel2_added_test_cases.TestSte...)</span>
                <span class="method-start">68631 ms</span>
              </div> <!-- configuration-method after -->
              <div class="test-method">
                <span class="method-name">TestStep2_VerifySignIn</span>
                <span class="method-start">68633 ms</span>
              </div> <!-- test-method -->
              <div class="configuration-method before">
                <span class="method-name">handleTestMethodName(public void com.qait.demo.tests.TestLevel2_added_test_cases.TestStep2_VerifySignIn())</span>
                <span class="method-start">68633 ms</span>
              </div> <!-- configuration-method before -->
              <div class="configuration-method after">
                <span class="method-name">take_screenshot_on_failure([TestResult name=TestStep2_VerifySignIn status=SUCCESS method=TestLevel2_added_test_cases.TestStep2_...)</span>
                <span class="method-start">68695 ms</span>
              </div> <!-- configuration-method after -->
              <div class="configuration-method before">
                <span class="method-name">handleTestMethodName(public void com.qait.demo.tests.TestLevel2_added_test_cases.TestStep3_SearchProduct())</span>
                <span class="method-start">68696 ms</span>
              </div> <!-- configuration-method before -->
              <div class="test-method">
                <span class="method-name">TestStep3_SearchProduct</span>
                <span class="method-start">68697 ms</span>
              </div> <!-- test-method -->
              <div class="configuration-method after">
                <span class="method-name">take_screenshot_on_failure([TestResult name=TestStep3_SearchProduct status=SUCCESS method=TestLevel2_added_test_cases.TestStep3...)</span>
                <span class="method-start">70898 ms</span>
              </div> <!-- configuration-method after -->
              <div class="configuration-method before">
                <span class="method-name">handleTestMethodName(public void com.qait.demo.tests.TestLevel2_added_test_cases.TestStep4_SelectTablets())</span>
                <span class="method-start">70900 ms</span>
              </div> <!-- configuration-method before -->
              <div class="test-method">
                <span class="method-name">TestStep4_SelectTablets</span>
                <span class="method-start">70901 ms</span>
              </div> <!-- test-method -->
              <div class="configuration-method after">
                <span class="method-name">take_screenshot_on_failure([TestResult name=TestStep4_SelectTablets status=SUCCESS method=TestLevel2_added_test_cases.TestStep4...)</span>
                <span class="method-start">73149 ms</span>
              </div> <!-- configuration-method after -->
              <div class="configuration-method before">
                <span class="method-name">handleTestMethodName(public void com.qait.demo.tests.TestLevel2_added_test_cases.TestStep5_VerifySortTab())</span>
                <span class="method-start">73150 ms</span>
              </div> <!-- configuration-method before -->
              <div class="test-method">
                <span class="method-name">TestStep5_VerifySortTab</span>
                <span class="method-start">73151 ms</span>
              </div> <!-- test-method -->
              <div class="configuration-method after">
                <span class="method-name">take_screenshot_on_failure([TestResult name=TestStep5_VerifySortTab status=SUCCESS method=TestLevel2_added_test_cases.TestStep5...)</span>
                <span class="method-start">73517 ms</span>
              </div> <!-- configuration-method after -->
              <div class="configuration-method before">
                <span class="method-name">handleTestMethodName(public void com.qait.demo.tests.TestLevel2_added_test_cases.TestStep6_SelectBrand())</span>
                <span class="method-start">73518 ms</span>
              </div> <!-- configuration-method before -->
              <div class="test-method">
                <span class="method-name">TestStep6_SelectBrand</span>
                <span class="method-start">73519 ms</span>
              </div> <!-- test-method -->
              <div class="configuration-method after">
                <span class="method-name">take_screenshot_on_failure([TestResult name=TestStep6_SelectBrand status=SUCCESS method=TestLevel2_added_test_cases.TestStep6_S...)</span>
                <span class="method-start">75237 ms</span>
              </div> <!-- configuration-method after -->
              <div class="configuration-method before">
                <span class="method-name">handleTestMethodName(public void com.qait.demo.tests.TestLevel2_added_test_cases.TestStep7_SelectFirstProduct())</span>
                <span class="method-start">75240 ms</span>
              </div> <!-- configuration-method before -->
              <div class="test-method">
                <span class="method-name">TestStep7_SelectFirstProduct</span>
                <span class="method-start">75241 ms</span>
              </div> <!-- test-method -->
              <div class="configuration-method after">
                <span class="method-name">take_screenshot_on_failure([TestResult name=TestStep7_SelectFirstProduct status=SUCCESS method=TestLevel2_added_test_cases.Test...)</span>
                <span class="method-start">75508 ms</span>
              </div> <!-- configuration-method after -->
              <div class="test-method">
                <span class="method-name">TestStep8_verifyProductPage</span>
                <span class="method-start">75511 ms</span>
              </div> <!-- test-method -->
              <div class="configuration-method before">
                <span class="method-name">handleTestMethodName(public void com.qait.demo.tests.TestLevel2_added_test_cases.TestStep8_verifyProductPage())</span>
                <span class="method-start">75511 ms</span>
              </div> <!-- configuration-method before -->
              <div class="configuration-method after">
                <span class="method-name">take_screenshot_on_failure([TestResult name=TestStep8_verifyProductPage status=SUCCESS method=TestLevel2_added_test_cases.TestS...)</span>
                <span class="method-start">80807 ms</span>
              </div> <!-- configuration-method after -->
              <div class="test-method">
                <img src="failed.png">
                </img>
                <span class="method-name">TestStep9_AddProductToCart</span>
                <span class="method-start">80811 ms</span>
              </div> <!-- test-method -->
              <div class="configuration-method before">
                <span class="method-name">handleTestMethodName(public void com.qait.demo.tests.TestLevel2_added_test_cases.TestStep9_AddProductToCart())</span>
                <span class="method-start">80811 ms</span>
              </div> <!-- configuration-method before -->
              <div class="configuration-method after">
                <span class="method-name">take_screenshot_on_failure([TestResult name=TestStep9_AddProductToCart status=FAILURE method=TestLevel2_added_test_cases.TestSt...)</span>
                <span class="method-start">143844 ms</span>
              </div> <!-- configuration-method after -->
              <div class="configuration-class after">
                <span class="method-name">close_Test_Session</span>
                <span class="method-start">144049 ms</span>
              </div> <!-- configuration-class after -->
          </div> <!-- main-panel-content rounded-window-bottom -->
        </div> <!-- panel -->
      </div> <!-- main-panel-root -->
    </div> <!-- wrapper -->
  </body>
</html>
