<?xml version="1.0" encoding="UTF-8"?>
<testng-results skipped="0" failed="2" total="10" passed="8">
  <reporter-output>
    <line>
      <![CDATA[
The application url is :- https://www.snapdeal.com]]>
    </line>
    <line>
      <![CDATA[The test browser is :- chrome
]]>
    </line>
    <line>
      <![CDATA[ ]]>
    </line>
    <line>
      <![CDATA[***** STARTING TEST STEP:- TESTSTEP10_CHECKOUT *****]]>
    </line>
    <line>
      <![CDATA[ ]]>
    </line>
    <line>
      <![CDATA[Save Image File Path : C:\Users\gaurimanglik\Desktop\tap-sat-oct16\./target/screenshots/\TestLevel2_added_test_cases\2016_11_04_07_12_PM\screenshot.png]]>
    </line>
    <line>
      <![CDATA[ ]]>
    </line>
    <line>
      <![CDATA[***** STARTING TEST STEP:- TESTSTEP1_VERIFYCARTIMAGE *****]]>
    </line>
    <line>
      <![CDATA[ ]]>
    </line>
    <line>
      <![CDATA[ ]]>
    </line>
    <line>
      <![CDATA[***** STARTING TEST STEP:- TESTSTEP2_VERIFYSIGNIN *****]]>
    </line>
    <line>
      <![CDATA[ ]]>
    </line>
    <line>
      <![CDATA[ ]]>
    </line>
    <line>
      <![CDATA[***** STARTING TEST STEP:- TESTSTEP3_SEARCHPRODUCT *****]]>
    </line>
    <line>
      <![CDATA[ ]]>
    </line>
    <line>
      <![CDATA[ ]]>
    </line>
    <line>
      <![CDATA[***** STARTING TEST STEP:- TESTSTEP4_SELECTTABLETS *****]]>
    </line>
    <line>
      <![CDATA[ ]]>
    </line>
    <line>
      <![CDATA[ ]]>
    </line>
    <line>
      <![CDATA[***** STARTING TEST STEP:- TESTSTEP5_VERIFYSORTTAB *****]]>
    </line>
    <line>
      <![CDATA[ ]]>
    </line>
    <line>
      <![CDATA[ ]]>
    </line>
    <line>
      <![CDATA[***** STARTING TEST STEP:- TESTSTEP6_SELECTBRAND *****]]>
    </line>
    <line>
      <![CDATA[ ]]>
    </line>
    <line>
      <![CDATA[ ]]>
    </line>
    <line>
      <![CDATA[***** STARTING TEST STEP:- TESTSTEP7_SELECTFIRSTPRODUCT *****]]>
    </line>
    <line>
      <![CDATA[ ]]>
    </line>
    <line>
      <![CDATA[ ]]>
    </line>
    <line>
      <![CDATA[***** STARTING TEST STEP:- TESTSTEP8_VERIFYPRODUCTPAGE *****]]>
    </line>
    <line>
      <![CDATA[ ]]>
    </line>
    <line>
      <![CDATA[ ]]>
    </line>
    <line>
      <![CDATA[***** STARTING TEST STEP:- TESTSTEP9_ADDPRODUCTTOCART *****]]>
    </line>
    <line>
      <![CDATA[ ]]>
    </line>
    <line>
      <![CDATA[Save Image File Path : C:\Users\gaurimanglik\Desktop\tap-sat-oct16\./target/screenshots/\TestLevel2_added_test_cases\2016_11_04_07_13_PM\screenshot.png]]>
    </line>
    <line>
      <![CDATA[
]]>
    </line>
  </reporter-output>
  <suite name="Default suite" duration-ms="145006" started-at="2016-11-04T13:41:02Z" finished-at="2016-11-04T13:43:27Z">
    <groups>
    </groups>
    <test name="Default test" duration-ms="145006" started-at="2016-11-04T13:41:02Z" finished-at="2016-11-04T13:43:27Z">
      <class name="com.qait.demo.tests.TestLevel2_added_test_cases">
        <test-method status="PASS" signature="Start_Test_Session()[pri:0, instance:com.qait.demo.tests.TestLevel2_added_test_cases@1e88b3c]" name="Start_Test_Session" is-config="true" duration-ms="8012" started-at="2016-11-04T19:11:02Z" finished-at="2016-11-04T19:11:10Z">
          <reporter-output>
            <line>
              <![CDATA[
The application url is :- https://www.snapdeal.com]]>
            </line>
            <line>
              <![CDATA[The test browser is :- chrome
]]>
            </line>
          </reporter-output>
        </test-method> <!-- Start_Test_Session -->
        <test-method status="PASS" signature="handleTestMethodName(java.lang.reflect.Method)[pri:0, instance:com.qait.demo.tests.TestLevel2_added_test_cases@1e88b3c]" name="handleTestMethodName" is-config="true" duration-ms="1" started-at="2016-11-04T19:11:10Z" finished-at="2016-11-04T19:11:10Z">
          <params>
            <param index="0">
              <value>
                <![CDATA[public void com.qait.demo.tests.TestLevel2_added_test_cases.TestStep10_Checkout()]]>
              </value>
            </param>
          </params>
          <reporter-output>
            <line>
              <![CDATA[ ]]>
            </line>
            <line>
              <![CDATA[***** STARTING TEST STEP:- TESTSTEP10_CHECKOUT *****]]>
            </line>
            <line>
              <![CDATA[ ]]>
            </line>
          </reporter-output>
        </test-method> <!-- handleTestMethodName -->
        <test-method status="FAIL" signature="TestStep10_Checkout()[pri:0, instance:com.qait.demo.tests.TestLevel2_added_test_cases@1e88b3c]" name="TestStep10_Checkout" duration-ms="60083" started-at="2016-11-04T19:11:10Z" finished-at="2016-11-04T19:12:10Z">
          <exception class="java.lang.AssertionError">
            <message>
              <![CDATA[FAILED: Element verify_procced_to_chkout not found on the HomePage !!!]]>
            </message>
            <full-stacktrace>
              <![CDATA[java.lang.AssertionError: FAILED: Element verify_procced_to_chkout not found on the HomePage !!!
	at org.testng.Assert.fail(Assert.java:94)
	at com.qait.automation.getpageobjects.GetPage.element(GetPage.java:84)
	at com.qait.automation.getpageobjects.GetPage.element(GetPage.java:62)
	at com.qait.demo.keywords.ProductDetailsActions.clickProceedToChkout(ProductDetailsActions.java:62)
	at com.qait.demo.tests.TestLevel2_added_test_cases.TestStep10_Checkout(TestLevel2_added_test_cases.java:111)
	at sun.reflect.NativeMethodAccessorImpl.invoke0(Native Method)
	at sun.reflect.NativeMethodAccessorImpl.invoke(Unknown Source)
	at sun.reflect.DelegatingMethodAccessorImpl.invoke(Unknown Source)
	at java.lang.reflect.Method.invoke(Unknown Source)
	at org.testng.internal.MethodInvocationHelper.invokeMethod(MethodInvocationHelper.java:84)
	at org.testng.internal.Invoker.invokeMethod(Invoker.java:714)
	at org.testng.internal.Invoker.invokeTestMethod(Invoker.java:901)
	at org.testng.internal.Invoker.invokeTestMethods(Invoker.java:1231)
	at org.testng.internal.TestMethodWorker.invokeTestMethods(TestMethodWorker.java:127)
	at org.testng.internal.TestMethodWorker.run(TestMethodWorker.java:111)
	at org.testng.TestRunner.privateRun(TestRunner.java:767)
	at org.testng.TestRunner.run(TestRunner.java:617)
	at org.testng.SuiteRunner.runTest(SuiteRunner.java:334)
	at org.testng.SuiteRunner.runSequentially(SuiteRunner.java:329)
	at org.testng.SuiteRunner.privateRun(SuiteRunner.java:291)
	at org.testng.SuiteRunner.run(SuiteRunner.java:240)
	at org.testng.SuiteRunnerWorker.runSuite(SuiteRunnerWorker.java:52)
	at org.testng.SuiteRunnerWorker.run(SuiteRunnerWorker.java:86)
	at org.testng.TestNG.runSuitesSequentially(TestNG.java:1224)
	at org.testng.TestNG.runSuitesLocally(TestNG.java:1149)
	at org.testng.TestNG.run(TestNG.java:1057)
	at org.testng.remote.AbstractRemoteTestNG.run(AbstractRemoteTestNG.java:126)
	at org.testng.remote.RemoteTestNG.initAndRun(RemoteTestNG.java:137)
	at org.testng.remote.RemoteTestNG.main(RemoteTestNG.java:58)
]]>
            </full-stacktrace>
          </exception> <!-- java.lang.AssertionError -->
          <reporter-output>
          </reporter-output>
        </test-method> <!-- TestStep10_Checkout -->
        <test-method status="PASS" signature="take_screenshot_on_failure(org.testng.ITestResult)[pri:0, instance:com.qait.demo.tests.TestLevel2_added_test_cases@1e88b3c]" name="take_screenshot_on_failure" is-config="true" duration-ms="439" started-at="2016-11-04T19:12:11Z" finished-at="2016-11-04T19:12:11Z">
          <params>
            <param index="0">
              <value>
                <![CDATA[[TestResult name=TestStep10_Checkout status=FAILURE method=TestLevel2_added_test_cases.TestStep10_Checkout()[pri:0, instance:com.qait.demo.tests.TestLevel2_added_test_cases@1e88b3c] output={null}]]]>
              </value>
            </param>
          </params>
          <reporter-output>
            <line>
              <![CDATA[Save Image File Path : C:\Users\gaurimanglik\Desktop\tap-sat-oct16\./target/screenshots/\TestLevel2_added_test_cases\2016_11_04_07_12_PM\screenshot.png]]>
            </line>
          </reporter-output>
        </test-method> <!-- take_screenshot_on_failure -->
        <test-method status="PASS" signature="handleTestMethodName(java.lang.reflect.Method)[pri:0, instance:com.qait.demo.tests.TestLevel2_added_test_cases@1e88b3c]" name="handleTestMethodName" is-config="true" duration-ms="1" started-at="2016-11-04T19:12:11Z" finished-at="2016-11-04T19:12:11Z">
          <params>
            <param index="0">
              <value>
                <![CDATA[public void com.qait.demo.tests.TestLevel2_added_test_cases.TestStep1_VerifyCartImage()]]>
              </value>
            </param>
          </params>
          <reporter-output>
            <line>
              <![CDATA[ ]]>
            </line>
            <line>
              <![CDATA[***** STARTING TEST STEP:- TESTSTEP1_VERIFYCARTIMAGE *****]]>
            </line>
            <line>
              <![CDATA[ ]]>
            </line>
          </reporter-output>
        </test-method> <!-- handleTestMethodName -->
        <test-method status="PASS" signature="TestStep1_VerifyCartImage()[pri:0, instance:com.qait.demo.tests.TestLevel2_added_test_cases@1e88b3c]" name="TestStep1_VerifyCartImage" duration-ms="82" started-at="2016-11-04T19:12:11Z" finished-at="2016-11-04T19:12:11Z">
          <reporter-output>
          </reporter-output>
        </test-method> <!-- TestStep1_VerifyCartImage -->
        <test-method status="PASS" signature="take_screenshot_on_failure(org.testng.ITestResult)[pri:0, instance:com.qait.demo.tests.TestLevel2_added_test_cases@1e88b3c]" name="take_screenshot_on_failure" is-config="true" duration-ms="1" started-at="2016-11-04T19:12:11Z" finished-at="2016-11-04T19:12:11Z">
          <params>
            <param index="0">
              <value>
                <![CDATA[[TestResult name=TestStep1_VerifyCartImage status=SUCCESS method=TestLevel2_added_test_cases.TestStep1_VerifyCartImage()[pri:0, instance:com.qait.demo.tests.TestLevel2_added_test_cases@1e88b3c] output={null}]]]>
              </value>
            </param>
          </params>
          <reporter-output>
          </reporter-output>
        </test-method> <!-- take_screenshot_on_failure -->
        <test-method status="PASS" signature="handleTestMethodName(java.lang.reflect.Method)[pri:0, instance:com.qait.demo.tests.TestLevel2_added_test_cases@1e88b3c]" name="handleTestMethodName" is-config="true" duration-ms="0" started-at="2016-11-04T19:12:11Z" finished-at="2016-11-04T19:12:11Z">
          <params>
            <param index="0">
              <value>
                <![CDATA[public void com.qait.demo.tests.TestLevel2_added_test_cases.TestStep2_VerifySignIn()]]>
              </value>
            </param>
          </params>
          <reporter-output>
            <line>
              <![CDATA[ ]]>
            </line>
            <line>
              <![CDATA[***** STARTING TEST STEP:- TESTSTEP2_VERIFYSIGNIN *****]]>
            </line>
            <line>
              <![CDATA[ ]]>
            </line>
          </reporter-output>
        </test-method> <!-- handleTestMethodName -->
        <test-method status="PASS" signature="TestStep2_VerifySignIn()[pri:0, instance:com.qait.demo.tests.TestLevel2_added_test_cases@1e88b3c]" name="TestStep2_VerifySignIn" duration-ms="60" started-at="2016-11-04T19:12:11Z" finished-at="2016-11-04T19:12:11Z">
          <reporter-output>
          </reporter-output>
        </test-method> <!-- TestStep2_VerifySignIn -->
        <test-method status="PASS" signature="take_screenshot_on_failure(org.testng.ITestResult)[pri:0, instance:com.qait.demo.tests.TestLevel2_added_test_cases@1e88b3c]" name="take_screenshot_on_failure" is-config="true" duration-ms="1" started-at="2016-11-04T19:12:11Z" finished-at="2016-11-04T19:12:11Z">
          <params>
            <param index="0">
              <value>
                <![CDATA[[TestResult name=TestStep2_VerifySignIn status=SUCCESS method=TestLevel2_added_test_cases.TestStep2_VerifySignIn()[pri:0, instance:com.qait.demo.tests.TestLevel2_added_test_cases@1e88b3c] output={null}]]]>
              </value>
            </param>
          </params>
          <reporter-output>
          </reporter-output>
        </test-method> <!-- take_screenshot_on_failure -->
        <test-method status="PASS" signature="handleTestMethodName(java.lang.reflect.Method)[pri:0, instance:com.qait.demo.tests.TestLevel2_added_test_cases@1e88b3c]" name="handleTestMethodName" is-config="true" duration-ms="1" started-at="2016-11-04T19:12:11Z" finished-at="2016-11-04T19:12:11Z">
          <params>
            <param index="0">
              <value>
                <![CDATA[public void com.qait.demo.tests.TestLevel2_added_test_cases.TestStep3_SearchProduct()]]>
              </value>
            </param>
          </params>
          <reporter-output>
            <line>
              <![CDATA[ ]]>
            </line>
            <line>
              <![CDATA[***** STARTING TEST STEP:- TESTSTEP3_SEARCHPRODUCT *****]]>
            </line>
            <line>
              <![CDATA[ ]]>
            </line>
          </reporter-output>
        </test-method> <!-- handleTestMethodName -->
        <test-method status="PASS" signature="TestStep3_SearchProduct()[pri:0, instance:com.qait.demo.tests.TestLevel2_added_test_cases@1e88b3c]" name="TestStep3_SearchProduct" duration-ms="2200" started-at="2016-11-04T19:12:11Z" finished-at="2016-11-04T19:12:13Z">
          <reporter-output>
          </reporter-output>
        </test-method> <!-- TestStep3_SearchProduct -->
        <test-method status="PASS" signature="take_screenshot_on_failure(org.testng.ITestResult)[pri:0, instance:com.qait.demo.tests.TestLevel2_added_test_cases@1e88b3c]" name="take_screenshot_on_failure" is-config="true" duration-ms="2" started-at="2016-11-04T19:12:13Z" finished-at="2016-11-04T19:12:13Z">
          <params>
            <param index="0">
              <value>
                <![CDATA[[TestResult name=TestStep3_SearchProduct status=SUCCESS method=TestLevel2_added_test_cases.TestStep3_SearchProduct()[pri:0, instance:com.qait.demo.tests.TestLevel2_added_test_cases@1e88b3c] output={null}]]]>
              </value>
            </param>
          </params>
          <reporter-output>
          </reporter-output>
        </test-method> <!-- take_screenshot_on_failure -->
        <test-method status="PASS" signature="handleTestMethodName(java.lang.reflect.Method)[pri:0, instance:com.qait.demo.tests.TestLevel2_added_test_cases@1e88b3c]" name="handleTestMethodName" is-config="true" duration-ms="1" started-at="2016-11-04T19:12:13Z" finished-at="2016-11-04T19:12:13Z">
          <params>
            <param index="0">
              <value>
                <![CDATA[public void com.qait.demo.tests.TestLevel2_added_test_cases.TestStep4_SelectTablets()]]>
              </value>
            </param>
          </params>
          <reporter-output>
            <line>
              <![CDATA[ ]]>
            </line>
            <line>
              <![CDATA[***** STARTING TEST STEP:- TESTSTEP4_SELECTTABLETS *****]]>
            </line>
            <line>
              <![CDATA[ ]]>
            </line>
          </reporter-output>
        </test-method> <!-- handleTestMethodName -->
        <test-method status="PASS" signature="TestStep4_SelectTablets()[pri:0, instance:com.qait.demo.tests.TestLevel2_added_test_cases@1e88b3c]" name="TestStep4_SelectTablets" duration-ms="2247" started-at="2016-11-04T19:12:13Z" finished-at="2016-11-04T19:12:16Z">
          <reporter-output>
          </reporter-output>
        </test-method> <!-- TestStep4_SelectTablets -->
        <test-method status="PASS" signature="take_screenshot_on_failure(org.testng.ITestResult)[pri:0, instance:com.qait.demo.tests.TestLevel2_added_test_cases@1e88b3c]" name="take_screenshot_on_failure" is-config="true" duration-ms="1" started-at="2016-11-04T19:12:16Z" finished-at="2016-11-04T19:12:16Z">
          <params>
            <param index="0">
              <value>
                <![CDATA[[TestResult name=TestStep4_SelectTablets status=SUCCESS method=TestLevel2_added_test_cases.TestStep4_SelectTablets()[pri:0, instance:com.qait.demo.tests.TestLevel2_added_test_cases@1e88b3c] output={null}]]]>
              </value>
            </param>
          </params>
          <reporter-output>
          </reporter-output>
        </test-method> <!-- take_screenshot_on_failure -->
        <test-method status="PASS" signature="handleTestMethodName(java.lang.reflect.Method)[pri:0, instance:com.qait.demo.tests.TestLevel2_added_test_cases@1e88b3c]" name="handleTestMethodName" is-config="true" duration-ms="1" started-at="2016-11-04T19:12:16Z" finished-at="2016-11-04T19:12:16Z">
          <params>
            <param index="0">
              <value>
                <![CDATA[public void com.qait.demo.tests.TestLevel2_added_test_cases.TestStep5_VerifySortTab()]]>
              </value>
            </param>
          </params>
          <reporter-output>
            <line>
              <![CDATA[ ]]>
            </line>
            <line>
              <![CDATA[***** STARTING TEST STEP:- TESTSTEP5_VERIFYSORTTAB *****]]>
            </line>
            <line>
              <![CDATA[ ]]>
            </line>
          </reporter-output>
        </test-method> <!-- handleTestMethodName -->
        <test-method status="PASS" signature="TestStep5_VerifySortTab()[pri:0, instance:com.qait.demo.tests.TestLevel2_added_test_cases@1e88b3c]" name="TestStep5_VerifySortTab" duration-ms="364" started-at="2016-11-04T19:12:16Z" finished-at="2016-11-04T19:12:16Z">
          <reporter-output>
          </reporter-output>
        </test-method> <!-- TestStep5_VerifySortTab -->
        <test-method status="PASS" signature="take_screenshot_on_failure(org.testng.ITestResult)[pri:0, instance:com.qait.demo.tests.TestLevel2_added_test_cases@1e88b3c]" name="take_screenshot_on_failure" is-config="true" duration-ms="1" started-at="2016-11-04T19:12:16Z" finished-at="2016-11-04T19:12:16Z">
          <params>
            <param index="0">
              <value>
                <![CDATA[[TestResult name=TestStep5_VerifySortTab status=SUCCESS method=TestLevel2_added_test_cases.TestStep5_VerifySortTab()[pri:0, instance:com.qait.demo.tests.TestLevel2_added_test_cases@1e88b3c] output={null}]]]>
              </value>
            </param>
          </params>
          <reporter-output>
          </reporter-output>
        </test-method> <!-- take_screenshot_on_failure -->
        <test-method status="PASS" signature="handleTestMethodName(java.lang.reflect.Method)[pri:0, instance:com.qait.demo.tests.TestLevel2_added_test_cases@1e88b3c]" name="handleTestMethodName" is-config="true" duration-ms="1" started-at="2016-11-04T19:12:16Z" finished-at="2016-11-04T19:12:16Z">
          <params>
            <param index="0">
              <value>
                <![CDATA[public void com.qait.demo.tests.TestLevel2_added_test_cases.TestStep6_SelectBrand()]]>
              </value>
            </param>
          </params>
          <reporter-output>
            <line>
              <![CDATA[ ]]>
            </line>
            <line>
              <![CDATA[***** STARTING TEST STEP:- TESTSTEP6_SELECTBRAND *****]]>
            </line>
            <line>
              <![CDATA[ ]]>
            </line>
          </reporter-output>
        </test-method> <!-- handleTestMethodName -->
        <test-method status="PASS" signature="TestStep6_SelectBrand()[pri:0, instance:com.qait.demo.tests.TestLevel2_added_test_cases@1e88b3c]" name="TestStep6_SelectBrand" duration-ms="1716" started-at="2016-11-04T19:12:16Z" finished-at="2016-11-04T19:12:18Z">
          <reporter-output>
          </reporter-output>
        </test-method> <!-- TestStep6_SelectBrand -->
        <test-method status="PASS" signature="take_screenshot_on_failure(org.testng.ITestResult)[pri:0, instance:com.qait.demo.tests.TestLevel2_added_test_cases@1e88b3c]" name="take_screenshot_on_failure" is-config="true" duration-ms="1" started-at="2016-11-04T19:12:18Z" finished-at="2016-11-04T19:12:18Z">
          <params>
            <param index="0">
              <value>
                <![CDATA[[TestResult name=TestStep6_SelectBrand status=SUCCESS method=TestLevel2_added_test_cases.TestStep6_SelectBrand()[pri:0, instance:com.qait.demo.tests.TestLevel2_added_test_cases@1e88b3c] output={null}]]]>
              </value>
            </param>
          </params>
          <reporter-output>
          </reporter-output>
        </test-method> <!-- take_screenshot_on_failure -->
        <test-method status="PASS" signature="handleTestMethodName(java.lang.reflect.Method)[pri:0, instance:com.qait.demo.tests.TestLevel2_added_test_cases@1e88b3c]" name="handleTestMethodName" is-config="true" duration-ms="1" started-at="2016-11-04T19:12:18Z" finished-at="2016-11-04T19:12:18Z">
          <params>
            <param index="0">
              <value>
                <![CDATA[public void com.qait.demo.tests.TestLevel2_added_test_cases.TestStep7_SelectFirstProduct()]]>
              </value>
            </param>
          </params>
          <reporter-output>
            <line>
              <![CDATA[ ]]>
            </line>
            <line>
              <![CDATA[***** STARTING TEST STEP:- TESTSTEP7_SELECTFIRSTPRODUCT *****]]>
            </line>
            <line>
              <![CDATA[ ]]>
            </line>
          </reporter-output>
        </test-method> <!-- handleTestMethodName -->
        <test-method status="PASS" signature="TestStep7_SelectFirstProduct()[pri:0, instance:com.qait.demo.tests.TestLevel2_added_test_cases@1e88b3c]" name="TestStep7_SelectFirstProduct" duration-ms="265" started-at="2016-11-04T19:12:18Z" finished-at="2016-11-04T19:12:18Z">
          <reporter-output>
          </reporter-output>
        </test-method> <!-- TestStep7_SelectFirstProduct -->
        <test-method status="PASS" signature="take_screenshot_on_failure(org.testng.ITestResult)[pri:0, instance:com.qait.demo.tests.TestLevel2_added_test_cases@1e88b3c]" name="take_screenshot_on_failure" is-config="true" duration-ms="2" started-at="2016-11-04T19:12:18Z" finished-at="2016-11-04T19:12:18Z">
          <params>
            <param index="0">
              <value>
                <![CDATA[[TestResult name=TestStep7_SelectFirstProduct status=SUCCESS method=TestLevel2_added_test_cases.TestStep7_SelectFirstProduct()[pri:0, instance:com.qait.demo.tests.TestLevel2_added_test_cases@1e88b3c] output={null}]]]>
              </value>
            </param>
          </params>
          <reporter-output>
          </reporter-output>
        </test-method> <!-- take_screenshot_on_failure -->
        <test-method status="PASS" signature="TestStep8_verifyProductPage()[pri:0, instance:com.qait.demo.tests.TestLevel2_added_test_cases@1e88b3c]" name="TestStep8_verifyProductPage" duration-ms="5295" started-at="2016-11-04T19:12:18Z" finished-at="2016-11-04T19:12:23Z">
          <reporter-output>
          </reporter-output>
        </test-method> <!-- TestStep8_verifyProductPage -->
        <test-method status="PASS" signature="handleTestMethodName(java.lang.reflect.Method)[pri:0, instance:com.qait.demo.tests.TestLevel2_added_test_cases@1e88b3c]" name="handleTestMethodName" is-config="true" duration-ms="0" started-at="2016-11-04T19:12:18Z" finished-at="2016-11-04T19:12:18Z">
          <params>
            <param index="0">
              <value>
                <![CDATA[public void com.qait.demo.tests.TestLevel2_added_test_cases.TestStep8_verifyProductPage()]]>
              </value>
            </param>
          </params>
          <reporter-output>
            <line>
              <![CDATA[ ]]>
            </line>
            <line>
              <![CDATA[***** STARTING TEST STEP:- TESTSTEP8_VERIFYPRODUCTPAGE *****]]>
            </line>
            <line>
              <![CDATA[ ]]>
            </line>
          </reporter-output>
        </test-method> <!-- handleTestMethodName -->
        <test-method status="PASS" signature="take_screenshot_on_failure(org.testng.ITestResult)[pri:0, instance:com.qait.demo.tests.TestLevel2_added_test_cases@1e88b3c]" name="take_screenshot_on_failure" is-config="true" duration-ms="3" started-at="2016-11-04T19:12:23Z" finished-at="2016-11-04T19:12:23Z">
          <params>
            <param index="0">
              <value>
                <![CDATA[[TestResult name=TestStep8_verifyProductPage status=SUCCESS method=TestLevel2_added_test_cases.TestStep8_verifyProductPage()[pri:0, instance:com.qait.demo.tests.TestLevel2_added_test_cases@1e88b3c] output={null}]]]>
              </value>
            </param>
          </params>
          <reporter-output>
          </reporter-output>
        </test-method> <!-- take_screenshot_on_failure -->
        <test-method status="FAIL" signature="TestStep9_AddProductToCart()[pri:0, instance:com.qait.demo.tests.TestLevel2_added_test_cases@1e88b3c]" name="TestStep9_AddProductToCart" duration-ms="63031" started-at="2016-11-04T19:12:23Z" finished-at="2016-11-04T19:13:26Z">
          <exception class="java.lang.AssertionError">
            <message>
              <![CDATA[FAILED: Element verify_view_cart not found on the HomePage !!!]]>
            </message>
            <full-stacktrace>
              <![CDATA[java.lang.AssertionError: FAILED: Element verify_view_cart not found on the HomePage !!!
	at org.testng.Assert.fail(Assert.java:94)
	at com.qait.automation.getpageobjects.GetPage.element(GetPage.java:84)
	at com.qait.automation.getpageobjects.GetPage.element(GetPage.java:62)
	at com.qait.demo.keywords.ProductDetailsActions.verifyViewCartBtn(ProductDetailsActions.java:43)
	at com.qait.demo.tests.TestLevel2_added_test_cases.TestStep9_AddProductToCart(TestLevel2_added_test_cases.java:106)
	at sun.reflect.NativeMethodAccessorImpl.invoke0(Native Method)
	at sun.reflect.NativeMethodAccessorImpl.invoke(Unknown Source)
	at sun.reflect.DelegatingMethodAccessorImpl.invoke(Unknown Source)
	at java.lang.reflect.Method.invoke(Unknown Source)
	at org.testng.internal.MethodInvocationHelper.invokeMethod(MethodInvocationHelper.java:84)
	at org.testng.internal.Invoker.invokeMethod(Invoker.java:714)
	at org.testng.internal.Invoker.invokeTestMethod(Invoker.java:901)
	at org.testng.internal.Invoker.invokeTestMethods(Invoker.java:1231)
	at org.testng.internal.TestMethodWorker.invokeTestMethods(TestMethodWorker.java:127)
	at org.testng.internal.TestMethodWorker.run(TestMethodWorker.java:111)
	at org.testng.TestRunner.privateRun(TestRunner.java:767)
	at org.testng.TestRunner.run(TestRunner.java:617)
	at org.testng.SuiteRunner.runTest(SuiteRunner.java:334)
	at org.testng.SuiteRunner.runSequentially(SuiteRunner.java:329)
	at org.testng.SuiteRunner.privateRun(SuiteRunner.java:291)
	at org.testng.SuiteRunner.run(SuiteRunner.java:240)
	at org.testng.SuiteRunnerWorker.runSuite(SuiteRunnerWorker.java:52)
	at org.testng.SuiteRunnerWorker.run(SuiteRunnerWorker.java:86)
	at org.testng.TestNG.runSuitesSequentially(TestNG.java:1224)
	at org.testng.TestNG.runSuitesLocally(TestNG.java:1149)
	at org.testng.TestNG.run(TestNG.java:1057)
	at org.testng.remote.AbstractRemoteTestNG.run(AbstractRemoteTestNG.java:126)
	at org.testng.remote.RemoteTestNG.initAndRun(RemoteTestNG.java:137)
	at org.testng.remote.RemoteTestNG.main(RemoteTestNG.java:58)
]]>
            </full-stacktrace>
          </exception> <!-- java.lang.AssertionError -->
          <reporter-output>
          </reporter-output>
        </test-method> <!-- TestStep9_AddProductToCart -->
        <test-method status="PASS" signature="handleTestMethodName(java.lang.reflect.Method)[pri:0, instance:com.qait.demo.tests.TestLevel2_added_test_cases@1e88b3c]" name="handleTestMethodName" is-config="true" duration-ms="0" started-at="2016-11-04T19:12:23Z" finished-at="2016-11-04T19:12:23Z">
          <params>
            <param index="0">
              <value>
                <![CDATA[public void com.qait.demo.tests.TestLevel2_added_test_cases.TestStep9_AddProductToCart()]]>
              </value>
            </param>
          </params>
          <reporter-output>
            <line>
              <![CDATA[ ]]>
            </line>
            <line>
              <![CDATA[***** STARTING TEST STEP:- TESTSTEP9_ADDPRODUCTTOCART *****]]>
            </line>
            <line>
              <![CDATA[ ]]>
            </line>
          </reporter-output>
        </test-method> <!-- handleTestMethodName -->
        <test-method status="PASS" signature="take_screenshot_on_failure(org.testng.ITestResult)[pri:0, instance:com.qait.demo.tests.TestLevel2_added_test_cases@1e88b3c]" name="take_screenshot_on_failure" is-config="true" duration-ms="204" started-at="2016-11-04T19:13:26Z" finished-at="2016-11-04T19:13:26Z">
          <params>
            <param index="0">
              <value>
                <![CDATA[[TestResult name=TestStep9_AddProductToCart status=FAILURE method=TestLevel2_added_test_cases.TestStep9_AddProductToCart()[pri:0, instance:com.qait.demo.tests.TestLevel2_added_test_cases@1e88b3c] output={null}]]]>
              </value>
            </param>
          </params>
          <reporter-output>
            <line>
              <![CDATA[Save Image File Path : C:\Users\gaurimanglik\Desktop\tap-sat-oct16\./target/screenshots/\TestLevel2_added_test_cases\2016_11_04_07_13_PM\screenshot.png]]>
            </line>
          </reporter-output>
        </test-method> <!-- take_screenshot_on_failure -->
        <test-method status="PASS" signature="close_Test_Session()[pri:0, instance:com.qait.demo.tests.TestLevel2_added_test_cases@1e88b3c]" name="close_Test_Session" is-config="true" duration-ms="936" started-at="2016-11-04T19:13:26Z" finished-at="2016-11-04T19:13:27Z">
          <reporter-output>
            <line>
              <![CDATA[
]]>
            </line>
          </reporter-output>
        </test-method> <!-- close_Test_Session -->
      </class> <!-- com.qait.demo.tests.TestLevel2_added_test_cases -->
    </test> <!-- Default test -->
  </suite> <!-- Default suite -->
</testng-results>
